build/app/intermediates/manifest_merge_blame_file/release/manifest-merger-blame-release-report.txt
1<?xml version="1.0" encoding="utf-8"?>
2<manifest xmlns:android="http://schemas.android.com/apk/res/android"
3    package="com.example.myapp"
4    android:versionCode="1"
5    android:versionName="1.0.1" >
6
7    <uses-sdk
8        android:minSdkVersion="21"
8-->src/main/AndroidManifest.xml
9        android:targetSdkVersion="34" />
9-->src/main/AndroidManifest.xml
10    <!--
11         Required to query activities that can process text, see:
12         https://developer.android.com/training/package-visibility and
13         https://developer.android.com/reference/android/content/Intent#ACTION_PROCESS_TEXT.
14
15         In particular, this is used by the Flutter engine in io.flutter.plugin.text.ProcessTextPlugin.
16    -->
17    <queries>
17-->src/main/AndroidManifest.xml:39:5-44:15
18        <intent>
18-->src/main/AndroidManifest.xml:40:9-43:18
19            <action android:name="android.intent.action.PROCESS_TEXT" />
19-->src/main/AndroidManifest.xml:41:13-72
19-->src/main/AndroidManifest.xml:41:21-70
20
21            <data android:mimeType="text/plain" />
21-->src/main/AndroidManifest.xml:42:13-50
21-->src/main/AndroidManifest.xml:42:19-48
22        </intent>
23    </queries>
24
25    <uses-permission android:name="android.permission.ACCESS_NETWORK_STATE" />
25-->[:connectivity_plus] AndroidManifest.xml:9:5-79
25-->[:connectivity_plus] AndroidManifest.xml:9:22-76
26    <uses-permission android:name="android.permission.INTERNET" />
26-->[:firebase_analytics] AndroidManifest.xml:10:5-67
26-->[:firebase_analytics] AndroidManifest.xml:10:22-64
27    <uses-permission android:name="android.permission.WAKE_LOCK" /> <!-- Permissions options for the `notification` group -->
27-->[:firebase_analytics] AndroidManifest.xml:11:5-68
27-->[:firebase_analytics] AndroidManifest.xml:11:22-65
28    <uses-permission android:name="android.permission.POST_NOTIFICATIONS" />
28-->[:firebase_messaging] AndroidManifest.xml:13:5-77
28-->[:firebase_messaging] AndroidManifest.xml:13:22-74
29    <uses-permission android:name="android.permission.VIBRATE" /> <!-- Full Screen Pushes won't work on Android 14 and higher -->
29-->[co.notix:android-sdk:0.1.82] AndroidManifest.xml:10:5-66
29-->[co.notix:android-sdk:0.1.82] AndroidManifest.xml:10:22-63
30    <!-- https://developer.android.com/about/versions/14/behavior-changes-all#secure-fsi -->
31    <uses-permission android:name="android.permission.USE_FULL_SCREEN_INTENT" /> <!-- Required by older versions of Google Play services to create IID tokens -->
31-->[co.notix:android-sdk:0.1.82] AndroidManifest.xml:15:5-81
31-->[co.notix:android-sdk:0.1.82] AndroidManifest.xml:15:22-78
32    <uses-permission android:name="com.google.android.c2dm.permission.RECEIVE" />
32-->[com.google.firebase:firebase-messaging:23.4.1] AndroidManifest.xml:26:5-82
32-->[com.google.firebase:firebase-messaging:23.4.1] AndroidManifest.xml:26:22-79
33    <uses-permission android:name="com.google.android.gms.permission.AD_ID" />
33-->[com.google.android.gms:play-services-measurement-api:21.6.1] AndroidManifest.xml:25:5-79
33-->[com.google.android.gms:play-services-measurement-api:21.6.1] AndroidManifest.xml:25:22-76
34    <uses-permission android:name="android.permission.ACCESS_ADSERVICES_ATTRIBUTION" />
34-->[com.google.android.gms:play-services-measurement-api:21.6.1] AndroidManifest.xml:26:5-88
34-->[com.google.android.gms:play-services-measurement-api:21.6.1] AndroidManifest.xml:26:22-85
35    <uses-permission android:name="android.permission.ACCESS_ADSERVICES_AD_ID" />
35-->[com.google.android.gms:play-services-measurement-api:21.6.1] AndroidManifest.xml:27:5-82
35-->[com.google.android.gms:play-services-measurement-api:21.6.1] AndroidManifest.xml:27:22-79
36    <uses-permission android:name="com.google.android.finsky.permission.BIND_GET_INSTALL_REFERRER_SERVICE" />
36-->[com.google.android.gms:play-services-measurement:21.6.1] AndroidManifest.xml:26:5-110
36-->[com.google.android.gms:play-services-measurement:21.6.1] AndroidManifest.xml:26:22-107
37    <uses-permission android:name="android.permission.RECEIVE_BOOT_COMPLETED" />
37-->[androidx.work:work-runtime:2.7.1] AndroidManifest.xml:27:5-81
37-->[androidx.work:work-runtime:2.7.1] AndroidManifest.xml:27:22-78
38    <uses-permission android:name="android.permission.FOREGROUND_SERVICE" />
38-->[androidx.work:work-runtime:2.7.1] AndroidManifest.xml:28:5-77
38-->[androidx.work:work-runtime:2.7.1] AndroidManifest.xml:28:22-74
39
40    <permission
40-->[androidx.core:core:1.10.1] AndroidManifest.xml:22:5-24:47
41        android:name="com.example.myapp.DYNAMIC_RECEIVER_NOT_EXPORTED_PERMISSION"
41-->[androidx.core:core:1.10.1] AndroidManifest.xml:23:9-81
42        android:protectionLevel="signature" />
42-->[androidx.core:core:1.10.1] AndroidManifest.xml:24:9-44
43
44    <uses-permission android:name="com.example.myapp.DYNAMIC_RECEIVER_NOT_EXPORTED_PERMISSION" />
44-->[androidx.core:core:1.10.1] AndroidManifest.xml:26:5-97
44-->[androidx.core:core:1.10.1] AndroidManifest.xml:26:22-94
45
46    <application
47        android:name="android.app.Application"
47-->src/main/AndroidManifest.xml:4:9-42
48        android:appComponentFactory="androidx.core.app.CoreComponentFactory"
48-->[androidx.core:core:1.10.1] AndroidManifest.xml:28:18-86
49        android:icon="@mipmap/ic_launcher"
49-->src/main/AndroidManifest.xml:5:9-43
50        android:label="myapp"
50-->src/main/AndroidManifest.xml:3:9-30
51        android:supportsRtl="true"
51-->[co.notix:android-sdk:0.1.82] AndroidManifest.xml:18:9-35
52        android:usesCleartextTraffic="true" >
52-->[co.notix:android-sdk:0.1.82] AndroidManifest.xml:19:9-44
53        <activity
53-->src/main/AndroidManifest.xml:6:9-27:20
54            android:name="com.example.myapp.MainActivity"
54-->src/main/AndroidManifest.xml:7:13-41
55            android:configChanges="orientation|keyboardHidden|keyboard|screenSize|smallestScreenSize|locale|layoutDirection|fontScale|screenLayout|density|uiMode"
55-->src/main/AndroidManifest.xml:12:13-163
56            android:exported="true"
56-->src/main/AndroidManifest.xml:8:13-36
57            android:hardwareAccelerated="true"
57-->src/main/AndroidManifest.xml:13:13-47
58            android:launchMode="singleTop"
58-->src/main/AndroidManifest.xml:9:13-43
59            android:taskAffinity=""
59-->src/main/AndroidManifest.xml:10:13-36
60            android:theme="@style/LaunchTheme"
60-->src/main/AndroidManifest.xml:11:13-47
61            android:windowSoftInputMode="adjustResize" >
61-->src/main/AndroidManifest.xml:14:13-55
62
63            <!--
64                 Specifies an Android theme to apply to this Activity as soon as
65                 the Android process has started. This theme is visible to the user
66                 while the Flutter UI initializes. After that, this theme continues
67                 to determine the Window background behind the Flutter UI.
68            -->
69            <meta-data
69-->src/main/AndroidManifest.xml:19:13-22:17
70                android:name="io.flutter.embedding.android.NormalTheme"
70-->src/main/AndroidManifest.xml:20:15-70
71                android:resource="@style/NormalTheme" />
71-->src/main/AndroidManifest.xml:21:15-52
72
73            <intent-filter>
73-->src/main/AndroidManifest.xml:23:13-26:29
74                <action android:name="android.intent.action.MAIN" />
74-->src/main/AndroidManifest.xml:24:17-68
74-->src/main/AndroidManifest.xml:24:25-66
75
76                <category android:name="android.intent.category.LAUNCHER" />
76-->src/main/AndroidManifest.xml:25:17-76
76-->src/main/AndroidManifest.xml:25:27-74
77            </intent-filter>
78        </activity>
79        <!--
80             Don't delete the meta-data below.
81             This is used by the Flutter tool to generate GeneratedPluginRegistrant.java
82        -->
83        <meta-data
83-->src/main/AndroidManifest.xml:30:9-32:33
84            android:name="flutterEmbedding"
84-->src/main/AndroidManifest.xml:31:13-44
85            android:value="2" />
85-->src/main/AndroidManifest.xml:32:13-30
86
87        <service
87-->[:firebase_analytics] AndroidManifest.xml:14:9-18:19
88            android:name="com.google.firebase.components.ComponentDiscoveryService"
88-->[:firebase_analytics] AndroidManifest.xml:14:18-89
89            android:directBootAware="true"
89-->[com.google.firebase:firebase-common:20.4.3] AndroidManifest.xml:32:13-43
90            android:exported="false" >
90-->[com.google.firebase:firebase-perf:20.5.2] AndroidManifest.xml:13:13-37
91            <meta-data
91-->[:firebase_analytics] AndroidManifest.xml:15:13-17:85
92                android:name="com.google.firebase.components:io.flutter.plugins.firebase.analytics.FlutterFirebaseAppRegistrar"
92-->[:firebase_analytics] AndroidManifest.xml:16:17-128
93                android:value="com.google.firebase.components.ComponentRegistrar" />
93-->[:firebase_analytics] AndroidManifest.xml:17:17-82
94            <meta-data
94-->[:firebase_database] AndroidManifest.xml:11:13-13:85
95                android:name="com.google.firebase.components:io.flutter.plugins.firebase.database.FlutterFirebaseAppRegistrar"
95-->[:firebase_database] AndroidManifest.xml:12:17-127
96                android:value="com.google.firebase.components.ComponentRegistrar" />
96-->[:firebase_database] AndroidManifest.xml:13:17-82
97            <meta-data
97-->[:firebase_messaging] AndroidManifest.xml:38:13-40:85
98                android:name="com.google.firebase.components:io.flutter.plugins.firebase.messaging.FlutterFirebaseAppRegistrar"
98-->[:firebase_messaging] AndroidManifest.xml:39:17-128
99                android:value="com.google.firebase.components.ComponentRegistrar" />
99-->[:firebase_messaging] AndroidManifest.xml:40:17-82
100            <meta-data
100-->[:firebase_performance] AndroidManifest.xml:13:13-15:85
101                android:name="com.google.firebase.components:io.flutter.plugins.firebase.performance.FlutterFirebaseAppRegistrar"
101-->[:firebase_performance] AndroidManifest.xml:14:17-130
102                android:value="com.google.firebase.components.ComponentRegistrar" />
102-->[:firebase_performance] AndroidManifest.xml:15:17-82
103            <meta-data
103-->[:firebase_storage] AndroidManifest.xml:11:13-13:85
104                android:name="com.google.firebase.components:io.flutter.plugins.firebase.storage.FlutterFirebaseAppRegistrar"
104-->[:firebase_storage] AndroidManifest.xml:12:17-126
105                android:value="com.google.firebase.components.ComponentRegistrar" />
105-->[:firebase_storage] AndroidManifest.xml:13:17-82
106            <meta-data
106-->[:firebase_core] AndroidManifest.xml:11:13-13:85
107                android:name="com.google.firebase.components:io.flutter.plugins.firebase.core.FlutterFirebaseCoreRegistrar"
107-->[:firebase_core] AndroidManifest.xml:12:17-124
108                android:value="com.google.firebase.components.ComponentRegistrar" />
108-->[:firebase_core] AndroidManifest.xml:13:17-82
109            <meta-data
109-->[com.google.firebase:firebase-perf:20.5.2] AndroidManifest.xml:14:13-16:85
110                android:name="com.google.firebase.components:com.google.firebase.perf.FirebasePerfKtxRegistrar"
110-->[com.google.firebase:firebase-perf:20.5.2] AndroidManifest.xml:15:17-112
111                android:value="com.google.firebase.components.ComponentRegistrar" />
111-->[com.google.firebase:firebase-perf:20.5.2] AndroidManifest.xml:16:17-82
112            <meta-data
112-->[com.google.firebase:firebase-perf:20.5.2] AndroidManifest.xml:17:13-19:85
113                android:name="com.google.firebase.components:com.google.firebase.perf.FirebasePerfRegistrar"
113-->[com.google.firebase:firebase-perf:20.5.2] AndroidManifest.xml:18:17-109
114                android:value="com.google.firebase.components.ComponentRegistrar" />
114-->[com.google.firebase:firebase-perf:20.5.2] AndroidManifest.xml:19:17-82
115            <meta-data
115-->[com.google.firebase:firebase-sessions:1.2.2] AndroidManifest.xml:29:13-31:85
116                android:name="com.google.firebase.components:com.google.firebase.sessions.FirebaseSessionsRegistrar"
116-->[com.google.firebase:firebase-sessions:1.2.2] AndroidManifest.xml:30:17-117
117                android:value="com.google.firebase.components.ComponentRegistrar" />
117-->[com.google.firebase:firebase-sessions:1.2.2] AndroidManifest.xml:31:17-82
118            <meta-data
118-->[com.google.firebase:firebase-messaging:23.4.1] AndroidManifest.xml:57:13-59:85
119                android:name="com.google.firebase.components:com.google.firebase.messaging.FirebaseMessagingKtxRegistrar"
119-->[com.google.firebase:firebase-messaging:23.4.1] AndroidManifest.xml:58:17-122
120                android:value="com.google.firebase.components.ComponentRegistrar" />
120-->[com.google.firebase:firebase-messaging:23.4.1] AndroidManifest.xml:59:17-82
121            <meta-data
121-->[com.google.firebase:firebase-messaging:23.4.1] AndroidManifest.xml:60:13-62:85
122                android:name="com.google.firebase.components:com.google.firebase.messaging.FirebaseMessagingRegistrar"
122-->[com.google.firebase:firebase-messaging:23.4.1] AndroidManifest.xml:61:17-119
123                android:value="com.google.firebase.components.ComponentRegistrar" />
123-->[com.google.firebase:firebase-messaging:23.4.1] AndroidManifest.xml:62:17-82
124            <meta-data
124-->[com.google.firebase:firebase-storage:20.3.0] AndroidManifest.xml:30:13-32:85
125                android:name="com.google.firebase.components:com.google.firebase.storage.FirebaseStorageKtxRegistrar"
125-->[com.google.firebase:firebase-storage:20.3.0] AndroidManifest.xml:31:17-118
126                android:value="com.google.firebase.components.ComponentRegistrar" />
126-->[com.google.firebase:firebase-storage:20.3.0] AndroidManifest.xml:32:17-82
127            <meta-data
127-->[com.google.firebase:firebase-storage:20.3.0] AndroidManifest.xml:33:13-35:85
128                android:name="com.google.firebase.components:com.google.firebase.storage.StorageRegistrar"
128-->[com.google.firebase:firebase-storage:20.3.0] AndroidManifest.xml:34:17-107
129                android:value="com.google.firebase.components.ComponentRegistrar" />
129-->[com.google.firebase:firebase-storage:20.3.0] AndroidManifest.xml:35:17-82
130            <meta-data
130-->[com.google.firebase:firebase-database:20.3.1] AndroidManifest.xml:29:13-31:85
131                android:name="com.google.firebase.components:com.google.firebase.database.FirebaseDatabaseKtxRegistrar"
131-->[com.google.firebase:firebase-database:20.3.1] AndroidManifest.xml:30:17-120
132                android:value="com.google.firebase.components.ComponentRegistrar" />
132-->[com.google.firebase:firebase-database:20.3.1] AndroidManifest.xml:31:17-82
133            <meta-data
133-->[com.google.firebase:firebase-database:20.3.1] AndroidManifest.xml:32:13-34:85
134                android:name="com.google.firebase.components:com.google.firebase.database.DatabaseRegistrar"
134-->[com.google.firebase:firebase-database:20.3.1] AndroidManifest.xml:33:17-109
135                android:value="com.google.firebase.components.ComponentRegistrar" />
135-->[com.google.firebase:firebase-database:20.3.1] AndroidManifest.xml:34:17-82
136            <meta-data
136-->[com.google.firebase:firebase-config:21.6.3] AndroidManifest.xml:29:13-31:85
137                android:name="com.google.firebase.components:com.google.firebase.remoteconfig.FirebaseRemoteConfigKtxRegistrar"
137-->[com.google.firebase:firebase-config:21.6.3] AndroidManifest.xml:30:17-128
138                android:value="com.google.firebase.components.ComponentRegistrar" />
138-->[com.google.firebase:firebase-config:21.6.3] AndroidManifest.xml:31:17-82
139            <meta-data
139-->[com.google.firebase:firebase-config:21.6.3] AndroidManifest.xml:32:13-34:85
140                android:name="com.google.firebase.components:com.google.firebase.remoteconfig.RemoteConfigRegistrar"
140-->[com.google.firebase:firebase-config:21.6.3] AndroidManifest.xml:33:17-117
141                android:value="com.google.firebase.components.ComponentRegistrar" />
141-->[com.google.firebase:firebase-config:21.6.3] AndroidManifest.xml:34:17-82
142            <meta-data
142-->[com.google.android.gms:play-services-measurement-api:21.6.1] AndroidManifest.xml:37:13-39:85
143                android:name="com.google.firebase.components:com.google.firebase.analytics.connector.internal.AnalyticsConnectorRegistrar"
143-->[com.google.android.gms:play-services-measurement-api:21.6.1] AndroidManifest.xml:38:17-139
144                android:value="com.google.firebase.components.ComponentRegistrar" />
144-->[com.google.android.gms:play-services-measurement-api:21.6.1] AndroidManifest.xml:39:17-82
145            <meta-data
145-->[com.google.firebase:firebase-installations:17.2.0] AndroidManifest.xml:15:13-17:85
146                android:name="com.google.firebase.components:com.google.firebase.installations.FirebaseInstallationsKtxRegistrar"
146-->[com.google.firebase:firebase-installations:17.2.0] AndroidManifest.xml:16:17-130
147                android:value="com.google.firebase.components.ComponentRegistrar" />
147-->[com.google.firebase:firebase-installations:17.2.0] AndroidManifest.xml:17:17-82
148            <meta-data
148-->[com.google.firebase:firebase-installations:17.2.0] AndroidManifest.xml:18:13-20:85
149                android:name="com.google.firebase.components:com.google.firebase.installations.FirebaseInstallationsRegistrar"
149-->[com.google.firebase:firebase-installations:17.2.0] AndroidManifest.xml:19:17-127
150                android:value="com.google.firebase.components.ComponentRegistrar" />
150-->[com.google.firebase:firebase-installations:17.2.0] AndroidManifest.xml:20:17-82
151            <meta-data
151-->[com.google.firebase:firebase-appcheck:17.1.2] AndroidManifest.xml:25:13-27:85
152                android:name="com.google.firebase.components:com.google.firebase.appcheck.FirebaseAppCheckKtxRegistrar"
152-->[com.google.firebase:firebase-appcheck:17.1.2] AndroidManifest.xml:26:17-120
153                android:value="com.google.firebase.components.ComponentRegistrar" />
153-->[com.google.firebase:firebase-appcheck:17.1.2] AndroidManifest.xml:27:17-82
154            <meta-data
154-->[com.google.firebase:firebase-appcheck:17.1.2] AndroidManifest.xml:28:13-30:85
155                android:name="com.google.firebase.components:com.google.firebase.appcheck.FirebaseAppCheckRegistrar"
155-->[com.google.firebase:firebase-appcheck:17.1.2] AndroidManifest.xml:29:17-117
156                android:value="com.google.firebase.components.ComponentRegistrar" />
156-->[com.google.firebase:firebase-appcheck:17.1.2] AndroidManifest.xml:30:17-82
157            <meta-data
157-->[com.google.firebase:firebase-common-ktx:20.4.3] AndroidManifest.xml:12:13-14:85
158                android:name="com.google.firebase.components:com.google.firebase.ktx.FirebaseCommonLegacyRegistrar"
158-->[com.google.firebase:firebase-common-ktx:20.4.3] AndroidManifest.xml:13:17-116
159                android:value="com.google.firebase.components.ComponentRegistrar" />
159-->[com.google.firebase:firebase-common-ktx:20.4.3] AndroidManifest.xml:14:17-82
160            <meta-data
160-->[com.google.firebase:firebase-datatransport:18.1.8] AndroidManifest.xml:27:13-29:85
161                android:name="com.google.firebase.components:com.google.firebase.datatransport.TransportRegistrar"
161-->[com.google.firebase:firebase-datatransport:18.1.8] AndroidManifest.xml:28:17-115
162                android:value="com.google.firebase.components.ComponentRegistrar" />
162-->[com.google.firebase:firebase-datatransport:18.1.8] AndroidManifest.xml:29:17-82
163            <meta-data
163-->[com.google.firebase:firebase-common:20.4.3] AndroidManifest.xml:35:13-37:85
164                android:name="com.google.firebase.components:com.google.firebase.FirebaseCommonKtxRegistrar"
164-->[com.google.firebase:firebase-common:20.4.3] AndroidManifest.xml:36:17-109
165                android:value="com.google.firebase.components.ComponentRegistrar" />
165-->[com.google.firebase:firebase-common:20.4.3] AndroidManifest.xml:37:17-82
166            <meta-data
166-->[com.google.firebase:firebase-abt:21.1.1] AndroidManifest.xml:12:13-14:85
167                android:name="com.google.firebase.components:com.google.firebase.abt.component.AbtRegistrar"
167-->[com.google.firebase:firebase-abt:21.1.1] AndroidManifest.xml:13:17-109
168                android:value="com.google.firebase.components.ComponentRegistrar" />
168-->[com.google.firebase:firebase-abt:21.1.1] AndroidManifest.xml:14:17-82
169        </service>
170        <service
170-->[:firebase_messaging] AndroidManifest.xml:16:9-19:72
171            android:name="io.flutter.plugins.firebase.messaging.FlutterFirebaseMessagingBackgroundService"
171-->[:firebase_messaging] AndroidManifest.xml:17:13-107
172            android:exported="false"
172-->[:firebase_messaging] AndroidManifest.xml:18:13-37
173            android:permission="android.permission.BIND_JOB_SERVICE" />
173-->[:firebase_messaging] AndroidManifest.xml:19:13-69
174        <service
174-->[:firebase_messaging] AndroidManifest.xml:20:9-26:19
175            android:name="io.flutter.plugins.firebase.messaging.FlutterFirebaseMessagingService"
175-->[:firebase_messaging] AndroidManifest.xml:21:13-97
176            android:exported="false" >
176-->[:firebase_messaging] AndroidManifest.xml:22:13-37
177            <intent-filter>
177-->[:firebase_messaging] AndroidManifest.xml:23:13-25:29
178                <action android:name="com.google.firebase.MESSAGING_EVENT" />
178-->[:firebase_messaging] AndroidManifest.xml:24:17-78
178-->[:firebase_messaging] AndroidManifest.xml:24:25-75
179            </intent-filter>
180        </service>
181
182        <receiver
182-->[:firebase_messaging] AndroidManifest.xml:28:9-35:20
183            android:name="io.flutter.plugins.firebase.messaging.FlutterFirebaseMessagingReceiver"
183-->[:firebase_messaging] AndroidManifest.xml:29:13-98
184            android:exported="true"
184-->[:firebase_messaging] AndroidManifest.xml:30:13-36
185            android:permission="com.google.android.c2dm.permission.SEND" >
185-->[:firebase_messaging] AndroidManifest.xml:31:13-73
186            <intent-filter>
186-->[:firebase_messaging] AndroidManifest.xml:32:13-34:29
187                <action android:name="com.google.android.c2dm.intent.RECEIVE" />
187-->[:firebase_messaging] AndroidManifest.xml:33:17-81
187-->[:firebase_messaging] AndroidManifest.xml:33:25-78
188            </intent-filter>
189        </receiver>
190
191        <provider
191-->[:firebase_messaging] AndroidManifest.xml:43:9-47:38
192            android:name="io.flutter.plugins.firebase.messaging.FlutterFirebaseMessagingInitProvider"
192-->[:firebase_messaging] AndroidManifest.xml:44:13-102
193            android:authorities="com.example.myapp.flutterfirebasemessaginginitprovider"
193-->[:firebase_messaging] AndroidManifest.xml:45:13-88
194            android:exported="false"
194-->[:firebase_messaging] AndroidManifest.xml:46:13-37
195            android:initOrder="99" />
195-->[:firebase_messaging] AndroidManifest.xml:47:13-35
196        <provider
196-->[:image_picker_android] AndroidManifest.xml:11:9-19:20
197            android:name="io.flutter.plugins.imagepicker.ImagePickerFileProvider"
197-->[:image_picker_android] AndroidManifest.xml:12:13-82
198            android:authorities="com.example.myapp.flutter.image_provider"
198-->[:image_picker_android] AndroidManifest.xml:13:13-74
199            android:exported="false"
199-->[:image_picker_android] AndroidManifest.xml:14:13-37
200            android:grantUriPermissions="true" >
200-->[:image_picker_android] AndroidManifest.xml:15:13-47
201            <meta-data
201-->[:image_picker_android] AndroidManifest.xml:16:13-18:75
202                android:name="android.support.FILE_PROVIDER_PATHS"
202-->[:image_picker_android] AndroidManifest.xml:17:17-67
203                android:resource="@xml/flutter_image_picker_file_paths" />
203-->[:image_picker_android] AndroidManifest.xml:18:17-72
204        </provider> <!-- Trigger Google Play services to install the backported photo picker module. -->
205        <service
205-->[:image_picker_android] AndroidManifest.xml:21:9-33:19
206            android:name="com.google.android.gms.metadata.ModuleDependencies"
206-->[:image_picker_android] AndroidManifest.xml:22:13-78
207            android:enabled="false"
207-->[:image_picker_android] AndroidManifest.xml:23:13-36
208            android:exported="false" >
208-->[:image_picker_android] AndroidManifest.xml:24:13-37
209            <intent-filter>
209-->[:image_picker_android] AndroidManifest.xml:26:13-28:29
210                <action android:name="com.google.android.gms.metadata.MODULE_DEPENDENCIES" />
210-->[:image_picker_android] AndroidManifest.xml:27:17-94
210-->[:image_picker_android] AndroidManifest.xml:27:25-91
211            </intent-filter>
212
213            <meta-data
213-->[:image_picker_android] AndroidManifest.xml:30:13-32:36
214                android:name="photopicker_activity:0:required"
214-->[:image_picker_android] AndroidManifest.xml:31:17-63
215                android:value="" />
215-->[:image_picker_android] AndroidManifest.xml:32:17-33
216        </service>
217        <service
217-->[co.notix:android-sdk:0.1.82] AndroidManifest.xml:20:9-26:19
218            android:name="co.notix.push.firebase.NotixFirebaseMessagingService"
218-->[co.notix:android-sdk:0.1.82] AndroidManifest.xml:21:13-80
219            android:exported="false" >
219-->[co.notix:android-sdk:0.1.82] AndroidManifest.xml:22:13-37
220            <intent-filter android:priority="999" >
220-->[:firebase_messaging] AndroidManifest.xml:23:13-25:29
221                <action android:name="com.google.firebase.MESSAGING_EVENT" />
221-->[:firebase_messaging] AndroidManifest.xml:24:17-78
221-->[:firebase_messaging] AndroidManifest.xml:24:25-75
222            </intent-filter>
223        </service>
224
225        <activity
225-->[co.notix:android-sdk:0.1.82] AndroidManifest.xml:28:9-31:62
226            android:name="co.notix.push.permissions.NotificationsPermissionActivity"
226-->[co.notix:android-sdk:0.1.82] AndroidManifest.xml:29:13-85
227            android:exported="false"
227-->[co.notix:android-sdk:0.1.82] AndroidManifest.xml:30:13-37
228            android:theme="@style/Notix.Theme.Transparent" />
228-->[co.notix:android-sdk:0.1.82] AndroidManifest.xml:31:13-59
229        <activity
229-->[co.notix:android-sdk:0.1.82] AndroidManifest.xml:32:9-34:40
230            android:name="co.notix.push.NotificationClickHandlerActivity"
230-->[co.notix:android-sdk:0.1.82] AndroidManifest.xml:33:13-74
231            android:exported="false" />
231-->[co.notix:android-sdk:0.1.82] AndroidManifest.xml:34:13-37
232        <activity
232-->[co.notix:android-sdk:0.1.82] AndroidManifest.xml:35:9-39:62
233            android:name="co.notix.interstitial.InterstitialActivity"
233-->[co.notix:android-sdk:0.1.82] AndroidManifest.xml:36:13-70
234            android:configChanges="keyboardHidden|orientation|screenSize"
234-->[co.notix:android-sdk:0.1.82] AndroidManifest.xml:37:13-74
235            android:exported="false"
235-->[co.notix:android-sdk:0.1.82] AndroidManifest.xml:38:13-37
236            android:theme="@style/Notix.Theme.NoStatusBar" />
236-->[co.notix:android-sdk:0.1.82] AndroidManifest.xml:39:13-59
237        <activity
237-->[co.notix:android-sdk:0.1.82] AndroidManifest.xml:40:9-44:62
238            android:name="co.notix.interstitial.WebViewInterstitialActivity"
238-->[co.notix:android-sdk:0.1.82] AndroidManifest.xml:41:13-77
239            android:configChanges="keyboardHidden|orientation|screenSize"
239-->[co.notix:android-sdk:0.1.82] AndroidManifest.xml:42:13-74
240            android:exported="false"
240-->[co.notix:android-sdk:0.1.82] AndroidManifest.xml:43:13-37
241            android:theme="@style/Notix.Theme.NoStatusBar" />
241-->[co.notix:android-sdk:0.1.82] AndroidManifest.xml:44:13-59
242        <activity
242-->[co.notix:android-sdk:0.1.82] AndroidManifest.xml:45:9-49:62
243            android:name="co.notix.lsi.LockScreenInterstitialActivity"
243-->[co.notix:android-sdk:0.1.82] AndroidManifest.xml:46:13-71
244            android:configChanges="keyboardHidden|orientation|screenSize"
244-->[co.notix:android-sdk:0.1.82] AndroidManifest.xml:47:13-74
245            android:exported="false"
245-->[co.notix:android-sdk:0.1.82] AndroidManifest.xml:48:13-37
246            android:theme="@style/Notix.Theme.NoStatusBar" />
246-->[co.notix:android-sdk:0.1.82] AndroidManifest.xml:49:13-59
247        <activity
247-->[co.notix:android-sdk:0.1.82] AndroidManifest.xml:50:9-54:62
248            android:name="co.notix.appopen.AppOpenActivity"
248-->[co.notix:android-sdk:0.1.82] AndroidManifest.xml:51:13-60
249            android:configChanges="keyboardHidden|orientation|screenSize"
249-->[co.notix:android-sdk:0.1.82] AndroidManifest.xml:52:13-74
250            android:exported="false"
250-->[co.notix:android-sdk:0.1.82] AndroidManifest.xml:53:13-37
251            android:theme="@style/Notix.Theme.Transparent" />
251-->[co.notix:android-sdk:0.1.82] AndroidManifest.xml:54:13-59
252
253        <provider
253-->[co.notix:android-sdk:0.1.82] AndroidManifest.xml:56:9-64:20
254            android:name="androidx.startup.InitializationProvider"
254-->[co.notix:android-sdk:0.1.82] AndroidManifest.xml:57:13-67
255            android:authorities="com.example.myapp.androidx-startup"
255-->[co.notix:android-sdk:0.1.82] AndroidManifest.xml:58:13-68
256            android:exported="false" >
256-->[co.notix:android-sdk:0.1.82] AndroidManifest.xml:59:13-37
257            <meta-data
257-->[co.notix:android-sdk:0.1.82] AndroidManifest.xml:61:13-63:52